[   0.000]Initializing cgroup ssy cpuet[   0.000000] Initializing cgrup subsys cpu
[    0.000000] Initalzing croup subsys cpuacct
[    0.00000]Liux rson4.4.0-42enri (ild@gw01am6403) (gccveion 54.0 206009(Ubutu5..0-6ubntu1~16.0.1) ) 16Ubuntu SMP Wed Jan 16 21:00:45 UTC 2019 (Ubuntu 4.4.0-142.168-generic 4.4.167)
[    0.000000] Comman lin: OTMAGE=/boot/mlnu-44.014geric ro=UD=aac57ba4-44e-ae-40f6733  conlety conoltt0
[  00000 KNEsuppord pus:
   0000000  Intel GenuineIntel
[    0.000000]   AMD AuthenticAMD
[    00000]  Centar CetauHaul
[   000000]x86/pu xtate_offst[]:57, xsteizs[2]: 56[   .0000] x86/fpu: Sppti XSA ftue 0x1:x8 floatngpont registers'
[   0.0000 x/fpuSuoring XSVEeaure 0x2:SSregisters'
[    0.000000] x86/fpu: ppting XSAVEfeur0x04 'VXreisters
[    0.000000] x86/fpu: Enabled xstat fatures0x7,coext izis32 byts,sig 'standard' format.
[    0.000000] e82: BIOS-provided physical RAM map:
[    0.000000BIS-820: [me 000000000000000-0x00000000000fb] sable
[    0.000000] BIOS-e820: [mem x00000009f0-000000000ff] resve
[   0.00000 BS-820 [m 0000000000f00-0000000000fff reseed[    00000] BIOS-e820: [mem 0x00000000100000-0x00000003ffefff] uabe
[    .00000] IOe820: [mem 0x000000003fff0000-0x000000003fffffff] ACPI data
[    0.000000] BIOS-e820: [mem 0x00000000fec00000-0x00000000fec00fff] reserved
[    0.000000] BIOS-e820: [mem 0x00000000fe00-0x00000ee0fff rserved
[    00000 BIO-e20[mm 0x0000ffc000x0000000ffff] reserve
   00000] X Excue Diab) roteti: ctive[   0.000000 SIOS .5prse.
[  00000] Hyerso detct: M
[   0.000] e820: last_pf =0xff maxrc_pfn= 0x000000
  0.000000] MTRR: Disabled
[    0.000000] x86/PAT: MTRRs dsale, skippinPA iitializatio to.
[    0.000000] CPU MTRRs all blank - virtualized system.
[    0.000000] x86/PAT: Configuration [0-7]: WB  WT  UC- C  WB  WT  UC- UC  
[   .00000] oud MP MP-table at [mem 0x0009fff0-0x0009ffff] mappeat[fff880009f0]
[  0.0000] anin1 ares r owmemorcouption
[    0.000000] RAMDISK [m x320400-x30fff]
  0.0000 AI: Earltae checksumveifcaio disabl
   0.000] PI: RSP x0000000000E000 004 (v02BO )
[    0.00] CPI: XDTx0000003F00 0003(v VBOX  OXDT 00000ASL  0001)
[  00000] ACI: FACP 0x000000003FFF00F0 0000F4 (v04BOX   VBOXFACP 00000ASL 000061
[   .000] ACI:SD 0x00000FFF00 21FF(v VOX  VBBI 0000002 TL 2010028)
   0.000] ACI: FS 000000FF20 004
[   0000]ACI:AC0x00003FF0200040
[   0000] PIAPC 0x0000FFF040 000C v02 BO  BOAPIC0000 ASL 0001)
  0.0000] CP: SSDTx0000003FF2A0 001CC v01 VBO  BOPUT 000002NTL 0152
[    0000] o MAonfiraonfound[  0.00000 Fin ano a[mem 0x0000000000000000-0x000000003ffeffff]
[    0.000000] NODE_DATA(0) allocated [mem 0x3ffeb000-0x3ffeffff]
[    0.0000] km-oc: Usg srs 4b641 nd 4640
[  .0000] k-cck c 0ms 0:3e301 priarcp clok[   0.000] m-cloc ung sheofet of 45970 cyces[   0.000]lockoue:vm-cck mas: 0xffffffffff m_cycles:x1d42e4db,ax_idl_n: 1505913 
    .000 Zone ans:
[   .000]   A   [m 000000000000x0000000000ffff
[    0.00000]   DMA  [mm 0x000000000000-0x000000003ffeffff]
[    0.000000]   Normal   empty
[    0.000000]   Device   empty
[    0.000000] Movable zone start for each node
[    0.000000] Early memory node ranges
[    0.000000]   node   0: [mem 0x0000000000001000-0x000000000009efff]
[    0.000000]   node   0: [mem 0x0000000000100000-0x000000003ffeffff]
[    0.000000] Initmem setup ode0 em 0x0000000100-00000003ffefff
[   0000] ACPI: PM-Timer IOPort: 0x400
  0.0000]IOIC[0]:apic_id2,erion2,adess 0fe00, GSI0-
   00000ACPI: IN_S_O (bu0 s_irq 0 glba_iq 2 dfdf)
[  .0000] CP I_SRC_O (s 0 bus_irq glbal_ir9 w lel)[    0000] UinACP(MADT)fo SP nfigurioinormaio
  0.0000smbootAlwing 2CP,  hotluCPs
[  00000] M:egterenovememory: [mm x0000000x000fff
[   00000 PM: Registered nosave memory: [mem 0x0009f000-0x0009ffff]
[    0.000000] PM: Registered nosave memory:[m 000a00000x0efff]
[  0.0000 P Rgitere nsa mmory[m 0000f000x0fffff
   0.00000] e820: [mem 0x40000000-0xfebfffff] available for PCI devices
[    0.000000] Booting paravirtualized krnel o K
    0.0000]lockur: reind-ffes: sk0xffff mx_cyes0xfffff, axide_s:7645519021156 ns  0.0000seup_pcp N_CPU51nrcpumk_ts512 nrpuds2 nrnoe_ds1
[  000000]PEPUEmbeddd  pges/pu@ff8003fc0000 s94 r812 15 u1085
   0.000 Buit  zelsts n derder, obity grouin on. Ttapages 257912
[   0000] liy zo: MA2
[    0.000000] Kernel cmmd ine:OOIMAGE=oo/vlinuz-4.14-genrirot=UU=a5bbd-a9-e3a5bec4f67313roonole=tt csole=ttyS0
[    0.00000] PIDhash tbl eris:406 rdr: 3 368ytes)[  0000000 Memor: 9921/18120K aibl (8603 knel cod, 13K daa, 400K da, 14K it 1316Kbs 5908Kesve, 0Kmaesrved)
[  00000] SL: align=4,Orr=0-3 MObcts=0,PU2,Noes
   0.00000] rnl/erpage abes isoaton eable
[   .000000Hierarchical RCU implementation.
   0000000 	iltime ajumet f leaf nout to 64.
[    0.000000] 	RCU restricting CPUs from NR_CPUS=512 to nr_cpu_ids=2.
[    0.000000] RCU: Adjustingeomet f ru_fanout_leaf=64, nrpuds2
[    0000] NIR:3024 r_qs40 1
   000000] Cosole: colour VGA+ 80x25
[    0.000000] console [tty1] enabled
[    0.000000] consol[tS0] enaed
[  0.000000] tsc: Detected 2496.000 MHz processor
[   18.054376] Calibrating delay loop (skipped) preset value.. 4992.00 BogoMIPS (lpj=9984000)
[   18.237696] pid_max: default: 32768 minimum: 301
[   18.354752] ACPI: Core revision 20150930
[   18.373426] ACPI: 2 ACPI AML tables successfully acquired and loaded
[   18.488765] Security Framework initialized
[   18.545177] Yama: becoming mindful.
[   18.617286] AppArmor: AppArmor initialized
[   18.719320] Dentry cache hash table entries: 131072 (order: 8, 1048576 bytes)
[   18.889961] Inode-cache hash table entries: 65536 (order: 7, 524288 bytes)
[   19.046591] Mount-cache hash table entries: 2048 (order: 2, 16384 bytes)
[   19.187343] Mountpoint-cache hash table entries: 2048 (order: 2, 16384 bytes)
[   19.189264] Initializing cgroup subsys io
[   19.287110] Initializing cgroup subsys memory
[   19.385388] Initializing cgroup subsys devices
[   19.485334] Initializing cgroup subsys freezer
[   19.568276] Initializing cgroup subsys net_cls
[   19.647042] Initializing cgroup subsys perf_event
[   19.759645] Initializing cgroup subsys net_prio
[   19.868710] Initializing cgroup subsys hugetlb
[   19.986354] Initializing cgroup subsys pids
[   20.090024] mce: CPU supports 0 MCE banks
[   20.183303] Last level iTLB entries: 4KB 64, 2MB 8, 4MB 8
[   20.298691] Last level dTLB entries: 4KB 64, 2MB 0, 4MB 0, 1GB 4
[   20.436397] Spectre V2 : Mitigation: Full generic retpoline
[   20.551506] Spectre V2 : Spectre v2 / SpectreRSB mitigation: Filling RSB on context switch
[   20.692268] Speculative Store Bypass: Vulnerable
[   20.800735] Freeing SMP alternatives memory: 32K
[   20.911795] ftrace: allocating 32277 entries in 127 pages
[   21.092554] smpboot: APIC(0) Converting physical 0 to logical package 0
[   21.233910] smpboot: Max logical packages: 1
[   21.315618] x2apic enabled
[   21.383951] Switched APIC routing to physical x2apic.
[   21.483528] ..TIMER: vector=0x30 apic1=0 pin1=2 apic2=-1 pin2=-1
[   21.733194] smpboot: CPU0: Intel(R) Core(TM) i7-7660U CPU @ 2.50GHz (family: 0x6, model: 0x8e, stepping: 0x9)
[   21.930650] Performance Events: unsupported p6 CPU model 142 no PMU driver, software events only.
[   22.129289] KVM setup paravirtual spinlock
[   22.218474] x86: Booting SMP configuration:
[   22.285892] .... node  #0, CPUs:      #1
[   22.377357] kvm-clock: cpu 1, msr 0:3ffe3041, secondary cpu clock
[   22.445759] mce: CPU supports 0 MCE banks
[   22.482607] x86: Booted up 1 node, 2 CPUs
[   22.559557] smpboot: Total of 2 processors activated (9984.00 BogoMIPS)
[   22.665144] devtmpfs: initialized
[   22.716825] evm: security.selinux
[   22.775208] evm: security.SMACK64
[   22.800331] evm: security.SMACK64EXEC
[   22.837445] evm: security.SMACK64TRANSMUTE
[   22.861891] evm: security.SMACK64MMAP
[   22.900479] evm: security.ima
[   22.928216] evm: security.capability
[   22.930885] clocksource: jiffies: mask: 0xffffffff max_cycles: 0xffffffff, max_idle_ns: 7645041785100000 ns
[   23.007723] futex hash table entries: 512 (order: 3, 32768 bytes)
[   23.075884] pinctrl core: initialized pinctrl subsystem
[   23.131963] RTC time:  3:29:18, date: 02/19/19
[   23.186375] NET: Registered protocol family 16
[   23.241890] cpuidle: using governor ladder
[   23.257805] cpuidle: using governor menu
[   23.307505] PCCT header not found.
[   23.355901] ACPI: bus type PCI registered
[   23.395394] acpiphp: ACPI Hot Plug PCI Controller Driver version: 0.5
[   23.397255] PCI: Using configuration type 1 for base access
[   23.487452] ACPI: Added _OSI(Module Device)
[   23.525710] ACPI: Added _OSI(Processor Device)
[   23.575768] ACPI: Added _OSI(3.0 _SCP Extensions)
[   23.577170] ACPI: Added _OSI(Processor Aggregator Device)
[   23.633698] ACPI: Executed 1 blocks of module-level executable AML code
[   23.724706] ACPI: Interpreter enabled
[   23.793807] ACPI: (supports S0 S5)
[   23.860812] ACPI: Using IOAPIC for interrupt routing
[   23.921029] PCI: Using host bridge windows from ACPI; if necessary, use "pci=nocrs" and report a bug
[   24.040237] ACPI: PCI Root Bridge [PCI0] (domain 0000 [bus 00-ff])
[   24.180037] acpi PNP0A03:00: _OSC: OS supports [ASPM ClockPM Segments MSI]
[   24.315908] acpi PNP0A03:00: _OSC: not requesting OS control; OS requires [ExtendedConfig ASPM ClockPM MSI]
[   24.492735] acpi PNP0A03:00: fail to add MMCONFIG information, can't access extended PCI configuration space under this bridge.
[   24.726466] PCI host bridge to bus 0000:00
[   24.784439] pci_bus 0000:00: root bus resource [io  0x0000-0x0cf7 window]
[   24.903182] pci_bus 0000:00: root bus resource [io  0x0d00-0xffff window]
[   25.019720] pci_bus 0000:00: root bus resource [mem 0x000a0000-0x000bffff window]
[   25.155319] pci_bus 0000:00: root bus resource [mem 0x40000000-0xfdffffff window]
[   25.284603] pci_bus 0000:00: root bus resource [bus 00-ff]
[   25.399567] pci 0000:00:01.1: legacy IDE quirk: reg 0x10: [io  0x01f0-0x01f7]
[   25.540379] pci 0000:00:01.1: legacy IDE quirk: reg 0x14: [io  0x03f6]
[   25.669646] pci 0000:00:01.1: legacy IDE quirk: reg 0x18: [io  0x0170-0x0177]
[   25.807445] pci 0000:00:01.1: legacy IE quirk: reg 0x1c: [io  0x0376]
[   25.940233] pci 0000:00:07.0: quirk: [io  0x4000-0x403f] claimed by PIIX4 ACPI
[   26.043524] pci 0000:00:07.0: quirk: [io  0x4100-0x410f] claimed by PIIX4 SMB
[   26.142521] ACPI: PCI Interrupt Link [LNKA] (IRQs 5 9 10 *11)
[   26.184791] ACPI: PCI Interrupt Link [LNKB] (IRQs 5 9 *10 11)
[   26.227505] ACPI: PCI Interrupt Link [LNKC] (IRQs 5 *9 10 11)
[   26.276211] ACPI: PCI Interrupt Link [LNKD] (IRQs 5 9 10 *11)
[   26.302914] ACPI: Enabled 2 GPEs in block 00 to 07
[   26.341601] vgaarb: setting as boot device: PCI:0000:00:02.0
[   26.369173] vgaarb: device added: PCI:0000:00:02.0,decodes=io+mem,owns=io+mem,locks=none
[   26.407946] vgaarb: loaded
[   26.436150] vgaarb: bridge control possible 0000:00:02.0
[   26.464538] SCSI subsystem initialized
[   26.537944] ACPI: bus type USB registered
[   26.608765] usbcore: registered new interface driver usbfs
[   26.679298] usbcore: registered new interface driver hub
[   26.766108] usbcore: registered new device driver usb
[   26.859401] PCI: Using ACPI for IRQ routing
[   26.897983] NetLabel: Initializing
[   26.993472] NetLabel:  domain hash size = 128
[   27.097687] NetLabel:  protocols = UNLABELED CIPSOv4
[   27.182518] NetLabel:  unlabeled traffic allowed by default
[   27.244618] amd_nb: Cannot enumerate AMD northbridges
[   27.323861] clocksource: Switched to clocksource kvm-clock
[   .417 AArr:ppmoFisyemnale
  27.9937]pn: nP AC iit
[ 283026pn PP PIfond dics
[   28.777114] clocksource: acpi_pm: mask: 0xffffff max_cycles: 0xffffff, max_idle_ns: 2085701024 ns
[   28.910773] NET: Registered protocol family 2
[   28.937364] TCP established hash table entries: 8192 (order: 4, 65536 bytes)
[   29.001383] TCP bind hash table entries: 8192 (order: 5, 131072 bytes)
[   29.024881] TCP: Hash tables configured (established 8192 bind 8192)
[   29.077750] UDP hash table entries: 512 (order: 2, 16384 bytes)
[   29.153448] UDP-Lite hash table entries: 512 (order: 2, 16384 bytes)
[   29.197602] NET: Registered protocol family 1
[   29.250764] pci 0000:00:00.0: Limiting direct PCI/PCI transfers
[   29.269126] pci 0000:00:01.0: Activating ISA DMA hang workarounds
[   29.295649] Unpacking initramfs...
[   29.571529] Freeing initrd memory: 15320K
[   29.636613] platform rtc_cmos: registered platform RTC device (no PNP device found)
[   29.780916] Scanning for low memory corruption every 60 seconds
[   29.888213] audit: initializing netlink subsys (disabled)
[   29.989782] audit: type=2000 audit(1550546945.182:1): initialized
[   30.088016] Initialise system trusted keyring
[   30.172884] HugeTLB registered 2 MB page size, pre-allocated 0 pages
[   30027]bu ladd
[   0.75] S:Di qot dot6..0
  0.4091 t: efedTS cckur cibti: 96933 z

[   31.6512]loksrc t: sk0xffffffffffaxycs:x2de96c,maide_s:4095270 s
[   3.645 V: uocachha tlentes51(oer, 96yt)
[   31.685855] squashfs: version 4.0 (2009/01/31) Phillip Lougher
[   31.686174] fuse init (API version 7.23)
[   31.686390] Key type big_key registered
[   31.686476] Allocating IMA MOK and blacklist keyrings.
[   31.686851] Key type asymmetric registered
[   31.686857] Asymmetric key parser 'x509' registered
[   31.686955] Block layer SCSI generic (bsg) driver version 0.4 loaded (major 249)
[   31.687032] io scheduler noop registered
[   31.687034] io scheduler deadline registered (default)
[   31.687091] io scheduler cfq registered
[   31.687247] pci_hotplug: PCI Hot Plug PCI Core version: 0.5
[   31.687252] pciehp: PCI Express Hot Plug Controller Driver version: 0.4
[   31.687761] ACPI: AC Adapter [AC] (on-line)
[   31.687959] input: Power Button as /devices/LNXSYSTM:00/LNXPWRBN:00/input/input0
[   31.687961] ACPI: Power Button [PWRF]
[   31.688075] input: Sleep Button as /devices/LNXSYSTM:00/LNXSLPBN:00/input/input1
[   31.688078] ACPI: Sleep Button [SLPF]
[   31.688457] GHES: HEST is not enabled!
[   31.688634] Serial: 8250/16550 driver, 32 ports, IRQ sharing enabled
[   32.787289] 00:02: ttyS0 at I/O 0x3f8 (irq = 4, base_baud = 115200) is a 16550A
[   33.610399] Linux agpgart interface v0.103
[   33.760963] ACPI: Battery Slot [BAT0] (battery present)
[   33.763696] loop: module loaded
[   33.764132] scsi host0: ata_piix
[   33.764172] scsi host1: ata_piix
[   33.764193] ata1: PATA max UDMA/33 cmd 0x1f0 ctl 0x3f6 bmdma 0xd000 irq 14
[   33.764194] ata2: PATA max UDMA/33 cmd 0x170 ctl 0x376 bmdma 0xd008 irq 15
[   33.764252] libphy: Fixed MDIO Bus: probed
[   33.764254] tun: Universal TUN/TAP device driver, 1.6
[   33.764255] tun: (C) 1999-2004 Max Krasnyansky <maxk@qualcomm.com>
[   33.765163] PPP generic driver version 2.4.2
[   33.765208] ehci_hcd: USB 2.0 'Enhanced' Host Controller (EHCI) Driver
[   33.765211] ehci-pci: EHCI PCI platform driver
[   33.765224] ehci-platform: EHCI generic platform driver
[   33.765230] ohci_hcd: USB 1.1 'Open' Host Controller (OHCI) Driver
[   33.765233] ohci-pci: OHCI PCI platform driver
[   33.765239] ohci-platform: OHCI generic platform driver
[   33.765244] uhci_hcd: USB Universal Host Controller Interface driver
[   33.765285] i8042: PNP: PS/2 Controller [PNP0303:PS2K,PNP0f03:PS2M] at 0x60,0x64 irq 1,12
[   33.806173] serio: i8042 KBD port at 0x60,0x64 irq 1
[   33.806179] serio: i8042 AUX port at 0x60,0x64 irq 12
[   33.806371] mousedev: PS/2 mouse device common for all mice
[   33.806712] rtc_cmos rtc_cmos: rtc core: registered rtc_cmos as rtc0
[   33.806753] rtc_cmos rtc_cmos: alarms up to one day, 114 bytes nvram
[   33.806760] i2c /dev entries driver
[   33.806807] device-mapper: uevent: version 1.0.3
[   33.806847] device-mapper: ioctl: 4.34.0-ioctl (2015-10-28) initialised: dm-devel@redhat.com
[   33.806864] ledtrig-cpu: registered to indicate activity on CPUs
[   33.807075] NET: Registered protocol family 10
[   33.807180] NET: Registered protocol family 17
[   33.807188] Key type dns_resolver registered
[   33.807356] registered taskstats version 1
[   33.807365] Loading compiled-in X.509 certificates
[   33.807832] Loaded X.509 cert 'Build time autogenerated kernel key: bff73e56bc0efa7435b2a24f5427674623f1be80'
[   33.807847] zswap: loaded using pool lzo/zbud
[   33.809454] Key type trusted registered
[   33.811939] Key type encrypted registered
[   33.811942] AppArmor: AppArmor sha1 policy hashing enabled
[   33.811944] ima: No TPM chip found, activating TPM-bypass!
[   33.811948] ima: Allocated hash algorithm: sha1
[   33.811958] evm: HMAC attrs: 0x1
[   33.812259]   Magic number: 7:643:462
[   33.900466] rtc_cmos rtc_cmos: setting system clock to 2019-02-19 03:29:28 UTC (1550546968)
[   33.900693] BIOS EDD facility v0.16 2004-Jun-25, 0 devices found
[   33.900694] EDD information not available.
[   34.216521] input: AT Translated Set 2 keyboard as /devices/platform/i8042/serio0/input/input2
[   39.545754] Freeing unused kernel memory: 1484K
[   39.596655] Write protecting the kernel read-only data: 14336k
[   39.697816] Freeing unused kernel memory: 1624K
[   39.759874] Freeing unused kernel memory: 92K
Loading, please wait...
starting version[   39.806240] random: systemd-udevd: uninitialized urandom read (16 bytes read, 7 bits of entropy available)
 229
[   39.806619] random: udevadm: uninitialized urandom read (16 bytes read, 7 bits of entropy available)
[   39.806641] random: udevadm: uninitialized urandom read (16 bytes read, 7 bits of entropy available)
[   39.816069] random: udevadm: uninitialized urandom read (16 bytes read, 7 bits of entropy available)
[   39.816110] random: udevadm: uninitialized urandom read (16 bytes read, 7 bits of entropy available)
[   39.816250] random: udevadm: uninitialized urandom read (16 bytes read, 7 bits of entropy available)
[   39.816305] random: udevadm: uninitialized urandom read (16 bytes read, 7 bits of entropy available)
[   39.816359] random: udevadm: uninitialized urandom read (16 bytes read, 7 bits of entropy available)
[   39.816411] random: udevadm: uninitialized urandom read (16 bytes read, 7 bits of entropy available)
[   39.816461] random: udevadm: uninitialized urandom read (16 bytes read, 7 bits of entropy available)
[   40.618214] e1000: Intel(R) PRO/1000 Network Driver - version 7.3.21-k8-NAPI
[   40.649799] e1000: Copyright (c) 1999-2006 Intel Corporation.
[   40.673153] Fusion MPT base driver 3.04.20
[   40.692080] Copyright (c) 1999-2008 LSI Corporation
[   40.722549] Fusion MPT SPI Host driver 3.04.20
[   40.742548] AVX2 version of gcm_enc/dec engaged.
[   40.751087] AES CTR mode by8 optimization enabled
[   40.937709] input: ImExPS/2 Generic Explorer Mouse as /devices/platform/i8042/serio1/input/input4
[   41.105678] e1000 0000:00:03.0 eth0: (PCI:33MHz:32-bit) 02:f3:08:32:2c:e0
[   41.174730] e1000 0000:00:03.0 eth0: Intel(R) PRO/1000 Network Connection
[   41.197232] mptbase: ioc0: Initiating bringup
[   41.548370] ioc0: LSI53C1030 A0: Capabilities={Initiator}
[   43.025339] scsi host2: ioc0: LSI53C1030 A0, FwRev=00000000h, Ports=1, MaxQ=256, IRQ=20
[   43.989590] scsi 2:0:0:0: Direct-Access     VBOX     HARDDISK         1.0  PQ: 0 ANSI: 5
[   44.163409] scsi target2:0:0: Beginning Domain Validation
[   44.312776] scsi target2:0:0: Domain Validation skipping write tests
[   44.376710] scsi target2:0:0: Ending Domain Validation
[   44.378154] scsi target2:0:0: asynchronous
[   44.421388] scsi 2:0:1:0: Direct-Access     VBOX     HARDDISK         1.0  PQ: 0 ANSI: 5
[   44.561897] scsi target2:0:1: Beginning Domain Validation
[   44.654227] scsi target2:0:1: Domain Validation skipping write tests
[   44.698938] e1000 0000:00:08.0 eth1: (PCI:33MHz:32-bit) 08:00:27:70:40:a9
[   44.698943] e1000 0000:00:08.0 eth1: Intel(R) PRO/1000 Network Connection
[   44.889322] e1000 0000:00:03.0 enp0s3: renamed from eth0
[   45.097995] scsi target2:0:1: Ending Domain Validation
[   45.185324] scsi target2:0:1: asynchronous
[   45.284037] e1000 0000:00:08.0 enp0s8: renamed from eth1
[   45.396690] sd 2:0:0:0: Attached scsi generic sg0 type 0
[   45.396758] sd 2:0:0:0: [sda] 20971520 512-byte logical blocks: (10.7 GB/10.0 GiB)
[   45.658389] sd 2:0:0:0: [sda] Write Protect is off
[   45.756694] sd 2:0:1:0: Attached scsi generic sg1 type 0
[   45.761121] sd 2:0:0:0: [sda] Incomplete mode parameter data
[   45.761122] sd 2:0:0:0: [sda] Assuming drive cache: write through
[   45.845841] sd 2:0:1:0: [sdb] 20480 512-byte logical blocks: (10.5 MB/10.0 MiB)
[   45.845990] sd 2:0:1:0: [sdb] Write Protect is off
[   45.846064] sd 2:0:1:0: [sdb] Incomplete mode parameter data
[   45.846065] sd 2:0:1:0: [sdb] Assuming drive cache: write through
[   45.847264]  sda: sda1
[   45.848289] sd 2:0:0:0: [sda] Attached SCSI disk
[   45.848577] sd 2:0:1:0: [sdb] Attached SCSI disk
Begin: Loading e[   47.466247] md: linear personality registered for level -1
ssential drivers[   47.503578] md: multipath personality registered for level -4
 ... [   47.579609] md: raid0 personality registered for level 0
[   47.653619] md: raid1 personality registered for level 1
[   47.791895] raid6: sse2x1   gen() 12631 MB/s
[   47.867926] raid6: sse2x1   xor()  8351 MB/s
[   47.976256] raid6: sse2x2   gen()  9267 MB/s
[   48.047864] raid6: sse2x2   xor()  5880 MB/s
[   48.148311] raid6: sse2x4   gen()  8918 MB/s
[   48.248002] raid6: sse2x4   xor()  6404 MB/s
[   48.347818] raid6: avx2x1   gen() 12916 MB/s
[   48.424777] raid6: avx2x2   gen() 21395 MB/s
[   48.507854] raid6: avx2x4   gen() 31472 MB/s
[   48.565820] raid6: using algorithm avx2x4 gen() 31472 MB/s
[   48.590789] raid6: using avx2x2 recovery algorithm
[   48.593279] xor: automatically using best checksumming function:
[   48.663983]    avx       : 25297.000 MB/sec
[   48.728019] async_tx: api initialized (async)
[   48.748569] md: raid6 personality registered for level 6
[   48.751325] md: raid5 personality registered for level 5
[   48.763348] md: raid4 personality registered for level 4
[   48.772302] md: raid10 personality registered for level 10
done.
Begin: Running /scripts/init-p[   48.879442] Btrfs loaded
remount ... done.
Begin: Mounting root file system ... Begin: Running /scripts/[   48.944801] EXT4-fs (sda1): mounted filesystem with ordered data mode. Opts: (null)
local-top ... done.
Begin: Running /scripts/local-premount ... Scanning for Btrfs filesystems
done.
Warning: fsck not present, so skipping root file system
done.
Begin: Running /scripts/local-bottom ... done.
Begin: Running /scripts/init-bottom ... done.
[   49.313507] systemd[1]: systemd 229 running in system mode. (+PAM +AUDIT +SELINUX +IMA +APPARMOR +SMACK +SYSVINIT +UTMP +LIBCRYPTSETUP +GCRYPT +GNUTLS +ACL +XZ -LZ4 +SECCOMP +BLKID +ELFUTILS +KMOD -IDN)
[   49.457520] systemd[1]: Detected virtualization oracle.
[   49.500760] systemd[1]: Detected architecture x86-64.

Welcome to [1mUbuntu 16.04.3 LTS[0m!

[   49.541023] systemd[1]: Set hostname to <ubuntu-xenial>.
[   49.695423] random: nonblocking pool is initialized
[   49.804049] systemd[1]: Started Trigger resolvconf update for networkd DNS.
[[0;32m  OK  [0m] Started Trigger resolvconf update for networkd DNS.
[   499172sytem[1 Srt Fwa Pswd equetso llDiectry ath.
[[0;32m  OK  [0m] Started Forward Password Requests to Wall Directory Watch.
[  5.7768] stmd[1 Lteing n evonoloct.
[[0;32m  OK  [0m] Listening on udev Control Socket.
[   1.32] yste[1: Listnig  /v/nitlomtili Ned Pip
[[0;32m  OK  [0m] Listening on /dev/initctl Compatibility Named Pipe.
[ 520045] systed[: Lstnig  Devceapr entdaon IF.
[[0;32m  OK  [0m] Listening on Device-mapper event daemon FIFOs.
[  5.95553] systemd[1]: Created slice User and Session Slice

[[0;32m  OK  [0m] Created slice User and Session Slice.
[   53.12439]ysem1]:Liteinonounal oct (/dv/og.
[[0;32m  OK  [0m] Listening on Journal Socket (/dev/log).
[  5352270] sstmd[1]: Reacedtaget Swap.

[[0;32m  OK  [0m] Reached target Swap.
[  54.005] std[: iseng n M2etatdaonock.
[[0;32m  OK  [0m] Listening on LVM2 metadata daemon socket.
[  57699systemd[1]: Reached target System Time Synchronized.

[[0;32m  OK  [0m] Reached target System Time Synchronized.
[   54.958428] systemd[]:isteningonLV pl em ske

[[0;32m  OK  [0m] Listening on LVM2 poll daemon socket.
[ 55461054 ste[1 Ltengn url ud Ske.
[[0;32m  OK  [0m] Listening on Journal Audit Socket.
[ 561497] stemd[1: Se uaumout rbitarExutleilFomas il Sstm utount Point.
[[0;32m  OK  [0m] Set up automount Arbitrary Executab...ats File System Automount Point.
[  571827] ystmd]:isni o udv rn Ske
[[0;32m  OK  [0m] Listening on udev Kernel Socket.
[ 57080]syted[]: Listening on ysogoct.
[[0;32m  OK  [0m] Listening on Syslog Socket.
[   580095sysem[1: eahetaetseanGrp meLoup.
[[0;32m  OK  [0m] Reached target User and Group Name Lookups.
[   59.02937] ysem[1: rete sceSyte Sce
[[0;32m  OK  [0m] Created slice System Slice.
[  59552178 sted[: acd rgt ic.
[[0;32m  OK  [0m] Reached target Slices.
[   .0067]ysmd]:reedli ste-serl\dgtyli.
[[0;32m  OK  [0m] Created slice system-serial\x2dgetty.slice.
[  68969] systemd[1]: Listening on Journal Socket.
[[0;32m  OK  [0m] Listening on Journal Socket.
[   61.164432] systemd[1]: Mounting POSIX Message Queue File System...
         Mounting POSIX Message Queue File System...
[   61.296805] systemd[1]: Starting Remount Root and Kernel File Systems...
         [   61.383277] EXT4-fs (sda1): re-mounted. Opts: (null)
Starting Remount Root and Kernel File Systems...
[   61.520197] systemd[1]: Starting Create list of required static device nodes for the current kernel...
         Starting Create list of required st... nodes for the current kernel...
[   61.636076] systemd[1]: Mounting Huge Pages File System...
         Mounting Huge Pages File System...
[   61.752501] systemd[1]: Starting Nameserver information manager...
         Starting Nameserver information manager...
[   61.936088] systemd[1]: Mounting Debug File System...
         Mounting Debug File System...
[   62.020762] systemd[1]: Starting Journal Service...
         Starting Journal Service...
[   62.105227] systemd[1]: Starting Uncomplicated firewall...
         Starting Uncomplicated firewall...
[   62.444519] systemd[1]: Starting Set console keymap...
         Starting Set console keymap...
[   62.624436] systemd[1]: Starting Load Kernel Modules...
         Starting Load Ke[   62.755558] Loading iSCSI transport class v2.0-870.
rnel Modules...
[   62.857042] iscsi: registered transport (tcp)
[   62.916076] systemd[1]: Starting Monitoring of LVM2 mirrors, snapshots etc. using dmeventd or progress polling...
         Starting Monitoring of LVM2 mirr[   63.137279] iscsi: registered transport (iser)
ors... dmeventd or progress polling...
[   63.256812] systemd[1]: Reached target Encrypted Volumes.
[[0;32m  OK  [0m] Reached target Encrypted Volumes.
[   63.541565] systemd[1]: Mounted POSIX Message Queue File System.
[[0;32m  OK  [0m] Mounted POSIX Message Queue File System.
[   63.768099] systemd[1]: Mounted Huge Pages File System.
[[0;32m  OK  [0m] Mounted Huge Pages File System.
[   63.964958] systemd[1]: Mounted Debug File System.
[[0;32m  OK  [0m] Mounted Debug File System.
[   64.036504] systemd[1]: Started Journal Service.
[[0;32m  OK  [0m] Started Journal Service.
[[0;32m  OK  [0m] Started Remount Root and Kernel File Systems.
[[0;32m  OK  [0m] Started Create list of required sta...ce nodes for the current kernel.
[[0;32m  OK  [0m] Started Uncomplicated firewall.
[[0;32m  OK  [0m] Started Set console keymap.
[[0;32m  OK  [0m] Started Load Kernel Modules.
[[0;32m  OK  [0m] Started Nameserver information manager.
[[0;32m  OK  [0m] Started LVM2 metadata daemon.
         Mounting FUSE Control File System...
         Starting Apply Kernel Variables...
         Starting Create Static Device Nodes in /dev...
         Starting udev Coldplug all Devices...
         Starting Initial cloud-init job (pre-networking)...
         Starting Load/Save Random Seed...
         Starting Flush Journal to Persistent Storage...
[[0;32m  OK  [0m] Mounted FUSE Control File System.
[[0;32m  OK  [0m] Started Monitoring of LVM2 mirrors,...ng dmeventd or progress polling.
[[0;32m  OK  [0m] Started Apply Kernel Variables.
[[0;32m  OK  [0m] Started Create Static Device Nodes in /dev.
[[0;32m  OK  [0m] Started Load/Save Random Seed.
[[0;32m  OK  [0m] Started udev Coldplug all Devices.
[[0;32m  OK  [0m] Started Flush Journal to Persistent Storage.
         Starting udev Kernel Device Manager...
[[0;32m  OK  [0m] Started udev Kernel Device Manager.
[[0;32m  OK  [0m] Reached target Local File Systems (Pre).
[[0;32m  OK  [0m] Reached target Local File Systems.
         Starting LSB: AppArmor initialization...
         Starting Tell Plymouth To Write Out Runtime Data...
         Starting Create Volatile Files and Directories...
         Starting Set console font and keymap...
[[0;32m  OK  [0m] Started Dispatch Password Requests to Console Directory Watch.
[[0;32m  OK  [0m] Started Tell Plymouth To Write Out Runtime Data.
[[0;32m  OK  [0m] Started Create Volatile Files and Directories.
[   39.299747] cloud-init[456]: Cloud-init v. 17.1 running 'init-local' at Tue, 19 Feb 2019 03:30:00 +0000. Up 38.87 seconds.
[[0;32m  OK  [0m] Started Initial cloud-init job (pre-networking).
[[0;32m  OK  [0m] Started Set console font and keymap.
[[0;32m  OK  [0m] Found device /dev/ttyS0.
[[0;32m  OK  [0m] Listening on Load/Save RF Kill Switch Status /dev/rfkill Watch.
[[0;32m  OK  [0m] Created slice system-getty.slice.
[[0;32m  OK  [0m] Reached target Network (Pre).
         Starting Update UTMP about System Boot/Shutdown...
[[0;32m  OK  [0m] Started LSB: AppArmor initialization.
         Starting Raise network interfaces...
[[0;32m  OK  [0m] Started ifup for enp0s3.
[[0;32m  OK  [0m] Started ifup for enp0s8.
[[0;32m  OK  [0m] Started Update UTMP about System Boot/Shutdown.
[[0;32m  OK  [0m] Started Raise network interfaces.
[[0;32m  OK  [0m] Reached target Network.
         Starting Initial cloud-init job (metadata service crawler)...
[   40.951345] cloud-init[1010]: Cloud-init v. 17.1 running 'init' at Tue, 19 Feb 2019 03:30:01 +0000. Up 40.64 seconds.
[   41.081965] cloud-init[1010]: ci-info: ++++++++++++++++++++++++++++++++++++++Net device info++++++++++++++++++++++++++++++++++++++
[[0;32m  OK  [0m] Started Initial cloud-init job (metadata service crawler).[   41.108359] cloud-init[1010]: ci-info: +--------+------+-----------------------------+---------------+-------+-------------------+
[   41.108460] cloud-init[1010]: ci-info: | Device |  Up  |           Address           |      Mask     | Scope |     Hw-Address    |
[   41.108549] cloud-init[1010]: ci-info: +--------+------+-----------------------------+---------------+-------+-------------------+
[   41.108638] cloud-init[1010]: ci-info: | enp0s3 | True |          10.0.2.15          | 255.255.255.0 |   .   | 02:f3:08:32:2c:e0 |
[   41.108766] cloud-init[1010]: ci-info: | enp0s3 | True |  fe80::f3:8ff:fe32:2ce0/64  |       .       |  link | 02:f3:08:32:2c:e0 |
[   41.108854] cloud-init[1010]: ci-info: | enp0s8 | True |        192.168.33.10        | 255.255.255.0 |   .   | 08:00:27:70:40:a9 |
[   41.108940] cloud-init[1010]: ci-info: | enp0s8 | True | fe80::a00:27ff:fe70:40a9/64 |       .       |  link | 08:00:27:70:40:a9 |
[   41.109027] cloud-init[1010]: ci-info: |   lo   | True |          127.0.0.1          |   255.0.0.0   |   .   |         .         |
[   41.109113] cloud-init[1010]: ci-info: |   lo   | True |           ::1/128           |       .       |  host |         .         |
[   41.109199] cloud-init[1010]: ci-info: +--------+------+-----------------------------+---------------+-------+-------------------+
[   41.109325] cloud-init[1010]: ci-info: ++++++++++++++++++++++++++++Route IPv4 info++++++++++++++++++++++++++++
[   41.109471] cloud-init[1010]: ci-info: +-------+--------------+----------+---------------+-----------+-------+
[   41.109559] cloud-init[1010]: ci-info: | Route | Destination  | Gateway  |    Genmask    | Interface | Flags |
[   41.109644] cloud-init[1010]: ci-info: +-------+--------------+----------+---------------+-----------+-------+
[   41.109729] cloud-init[1010]: ci-info: |   0   |   0.0.0.0    | 10.0.2.2 |    0.0.0.0    |   enp0s3  |   UG  |
[   41.109815] cloud-init[1010]: ci-info: |   1   |   10.0.2.0   | 0.0.0.0  | 255.255.255.0 |   enp0s3  |   U   |
[   41.109900] cloud-init[1010]: ci-info: |   2   | 192.168.33.0 | 0.0.0.0  | 255.255.255.0 |   enp0s8  |   U   |
[   41.109985] cloud-init[1010]: ci-info: +-------+--------------+----------+---------------+-----------+-------+

[[0;32m  OK  [0m] Reached target Cloud-config availability.
[[0;32m  OK  [0m] Reached target System Initialization.
[[0;32m  OK  [0m] Listening on D-Bus System Message Bus Socket.
         Starting LXD - unix socket.
[[0;32m  OK  [0m] Started Daily Cleanup of Temporary Directories.
[[0;32m  OK  [0m] Started ACPI Events Check.
[[0;32m  OK  [0m] Reached target Paths.
         Starting Socket activation for snappy daemon.
[[0;32m  OK  [0m] Listening on UUID daemon activation socket.
[[0;32m  OK  [0m] Listening on ACPID Listen Socket.
[[0;32m  OK  [0m] Started Daily apt download activities.
[[0;32m  OK  [0m] Started Daily apt upgrade and clean activities.
[[0;32m  OK  [0m] Reached target Timers.
[[0;32m  OK  [0m] Reached target Network is Online.
         Starting iSCSI initiator daemon (iscsid)...
[[0;32m  OK  [0m] Listening on LXD - unix socket.
[[0;32m  OK  [0m] Listening on Socket activation for snappy daemon.
[[0;32m  OK  [0m] Reached target Sockets.
[[0;32m  OK  [0m] Reached target Basic System.
         Starting LXD - container startup/shutdown...
[[0;32m  OK  [0m] Started FUSE filesystem for LXC.
[[0;32m  OK  [0m] Started D-Bus System Message Bus.
[[0;32m  OK  [0m] Started ACPI event daemon.
         Starting LSB: MD monitoring daemon...
         Starting Virtualbox guest utils...
         Starting MySQL Community Server...
[[0;32m  OK  [0m] Started Deferred execution scheduler.
         Starting Login Service...
         Starting Advanced key-value store...
         Starting Apply the settings specified in cloud-config...
         Starting LSB: Record successful boot for GRUB...
         Starting System Logging Service...
[[0;32m  OK  [0m] Started Unattended Upgrades Shutdown.
         Starting OpenBSD Secure Shell server...
         Starting /etc/rc.local Compatibility...
         Starting Accounts Service...
[[0;32m  OK  [0m] Started Regular background program processing daemon.
         Starting Snappy daemon...
[[0;32m  OK  [0m] Started System Logging Service.
[[0;32m  OK  [0m] Started iSCSI initiator daemon (iscsid).
[[0;32m  OK  [0m] Started LXD - container startup/shutdown.
[   45.085205] cloud-init[1108]: Cloud-init v. 17.1 running 'modules:config' at Tue, 19 Feb 2019 03:30:06 +0000. Up 44.87 seconds.
[[0;32m  OK  [0m] Started /etc/rc.local Compatibility.
[[0;32m  OK  [0m] Started OpenBSD Secure Shell server.
[[0;32m  OK  [0m] Started Apply the settings specified in cloud-config.
[[0;32m  OK  [0m] Started LSB: MD monitoring daemon.
[[0;32m  OK  [0m] Started Virtualbox guest utils.
[[0;32m  OK  [0m] Started Advanced key-value store.
[[0;32m  OK  [0m] Started Snappy daemon.
[[0;32m  OK  [0m] Started LSB: Record successful boot for GRUB.
[[0;32m  OK  [0m] Started Login Service.
         Starting Authenticate and Authorize Users to Run Privileged Tasks...
         Starting Wait until snapd is fully seeded...
         Starting Login to default iSCSI targets...
[[0;32m  OK  [0m] Started Wait until snapd is fully seeded.
[[0;32m  OK  [0m] Started Authenticate and Authorize Users to Run Privileged Tasks.
[[0;32m  OK  [0m] Started Accounts Service.
[[0;32m  OK  [0m] Started Login to default iSCSI targets.
[[0;32m  OK  [0m] Reached target Remote File Systems (Pre).
[[0;32m  OK  [0m] Reached target Remote File Systems.
         Starting LSB: Set the CPU Frequency Scaling governor to "ondemand"...
         Starting Permit User Sessions...
         Starting LSB: automatic crash report generation...
         Starting LSB: daemon to balance interrupts for SMP systems...
         Starting nginx - high performance web server...
[[0;32m  OK  [0m] Started MySQL Community Server.
[[0;32m  OK  [0m] Started Permit User Sessions.
[[0;32m  OK  [0m] Started nginx - high performance web server.
[[0;32m  OK  [0m] Started LSB: Set the CPU Frequency Scaling governor to "ondemand".
[[0;32m  OK  [0m] Created slice User Slice of ubuntu.
         Starting User Manager for UID 1000...
[[0;32m  OK  [0m] Started Session 1 of user ubuntu.
         Starting Terminate Plymouth Boot Screen...
         Starting Hold until boot process finishes up...
[[0;32m  OK  [0m] Started User Manager for UID 1000.
[[0;32m  OK  [0m] Started LSB: automatic crash report generation.
[[0;32m  OK  [0m] Started LSB: daemon to balance interrupts for SMP systems.
[[0;32m  OK  [0m] Started Terminate Plymouth Boot Screen.
[[0;32m  OK  [0m] Started Hold until boot process finishes up.
[[0;32m  OK  [0m] Started Serial Getty on ttyS0.
         Starting Set console scheme...
[[0;32m  OK  [0m] Started Getty on tty1.
[[0;32m  OK  [0m] Reached target Login Prompts.
[[0;32m  OK  [0m] Reached target Multi-User System.
         Starting Execute cloud user/final scripts...
[[0;32m  OK  [0m] Reached target Graphical Interface.
         Starting Update UTMP about System Runlevel Changes...
[[0;32m  OK  [0m] Started Set console scheme.
[[0;32m  OK  [0m] Started Update UTMP about System Runlevel Changes.
[   47.681453] cloud-init[1331]: Cloud-init v. 17.1 running 'modules:final' at Tue, 19 Feb 2019 03:30:08 +0000. Up 47.51 seconds.
[   47.704073] cloud-init[1331]: Cloud-init v. 17.1 finished at Tue, 19 Feb 2019 03:30:08 +0000. Datasource DataSourceNoCloud [seed=/dev/sdb][dsmode=net].  Up 47.65 seconds
[[0;32m  OK  [0m] Started Execute cloud user/final scripts.
         Starting Daily apt download activities...
[[0;32m  OK  [0m] Reached target Cloud-init target.
         Stopping User Manager for UID 1000...
[[0;32m  OK  [0m] Stopped User Manager for UID 1000.
[[0;32m  OK  [0m] Removed slice User Slice of ubuntu.
[[0;32m  OK  [0m] Started Daily apt download activities.

Ubuntu 16.04.3 LTS ubuntu-xenial ttyS0

ubuntu-xenial login:          Stopping Usa         Stopping Virtualbox guest utils...
         Stopping LSB: Record successful boot for GRUB...
         Stopping nginx - high performance web server...
         Stopping Unattended Upgrades Shutdown...
         Stopping OpenBSD Secure Shell server...
[[0;32m  OK  [0m] Stopped Apply the settings specified in cloud-config.
[[0;32m  OK  [0m] Stopped target Cloud-config availability.
[[0;32m  OK  [0m] Stopped Wait until snapd is fully seeded.
[[0;32m  OK  [0m] Closed Load/Save RF Kill Switch Status /dev/rfkill Watch.
         Stopping LSB: Set the CPU Frequency Scaling governor to "ondemand"...
[[0;32m  OK  [0m] Stopped target Timers.
[[0;32m  OK  [0m] Stopped Daily apt upgrade and clean activities.
[[0;32m  OK  [0m] Stopped Daily apt download activities.
[[0;32m  OK  [0m] Stopped target System Time Synchronized.
[[0;32m  OK  [0m] Stopped Daily Cleanup of Temporary Directories.
         Stopping Regular background program processing daemon...
         Stopping Snappy daemon...
[[0;32m  OK  [0m] Unmounted /var/lib/lxcfs.
[[0;32m  OK  [0m] Stopped ACPI event daemon.
[[0;32m  OK  [0m] Stopped Deferred execution scheduler.
[[0;32m  OK  [0m] Stopped System Logging Service.
[[0;32m  OK  [0m] Stopped Accounts Service.
[[0;32m  OK  [0m] Stopped Regular background program processing daemon.
[[0;32m  OK  [0m] Stopped Snappy daemon.
[[0;32m  OK  [0m] Stopped OpenBSD Secure Shell server.
[[0;32m  OK  [0m] Stopped Authenticate and Authorize Users to Run Privileged Tasks.
[[0;32m  OK  [0m] Stopped Serial Getty on ttyS0.
[[0;32m  OK  [0m] Stopped Getty on tty1.
[[0;32m  OK  [0m] Stopped User Manager for UID 1000.
[[0;32m  OK  [0m] Stopped Session 2 of user ubuntu.
[[0;32m  OK  [0m] Stopped D-Bus System Message Bus.
[[0;32m  OK  [0m] Stopped nginx - high performance web server.
[[0;32m  OK  [0m] Stopped Unattended Upgrades Shutdown.
[[0;32m  OK  [0m] Stopped FUSE filesystem for LXC.
[[0;32m  OK  [0m] Stopped LXD - container startup/shutdown.
[[0;32m  OK  [0m] Stopped LSB: daemon to balance interrupts for SMP systems.
[[0;32m  OK  [0m] Stopped Advanced key-value store.
[[0;32m  OK  [0m] Stopped LSB: MD monitoring daemon.
[[0;32m  OK  [0m] Stopped MySQL Community Server.
[[0;32m  OK  [0m] Stopped Virtualbox guest utils.
[[0;32m  OK  [0m] Stopped LSB: Record successful boot for GRUB.
[[0;32m  OK  [0m] Stopped LSB: automatic crash report generation.
[[0;32m  OK  [0m] Stopped LSB: Set the CPU Frequency Scaling governor to "ondemand".
[[0;32m  OK  [0m] Removed slice User Slice of ubuntu.
         Stopping Login Service...
[[0;32m  OK  [0m] Removed slice system-getty.slice.
         Stopping Permit User Sessions...
[[0;32m  OK  [0m] Removed slice system-serial\x2dgetty.slice.
[[0;32m  OK  [0m] Stopped /etc/rc.local Compatibility.
[[0;32m  OK  [0m] Stopped Login Service.
[[0;32m  OK  [0m] Stopped Permit User Sessions.
[[0;32m  OK  [0m] Stopped target Remote File Systems.
[[0;32m  OK  [0m] Stopped target Remote File Systems (Pre).
         Stopping Login to default iSCSI targets...
[[0;32m  OK  [0m] Stopped target User and Group Name Lookups.
[[0;32m  OK  [0m] Stopped target Basic System.
[[0;32m  OK  [0m] Stopped target Paths.
[[0;32m  OK  [0m] Stopped Forward Password Requests to Wall Directory Watch.
[[0;32m  OK  [0m] Stopped ACPI Events Check.
[[0;32m  OK  [0m] Stopped Dispatch Password Requests to Console Directory Watch.
[[0;32m  OK  [0m] Stopped target Slices.
[[0;32m  OK  [0m] Removed slice User and Session Slice.
[[0;32m  OK  [0m] Stopped target Sockets.
[[0;32m  OK  [0m] Closed ACPID Listen Socket.
[[0;32m  OK  [0m] Closed Socket activation for snappy daemon.
[[0;32m  OK  [0m] Closed D-Bus System Message Bus Socket.
[[0;32m  OK  [0m] Closed Syslog Socket.
[[0;32m  OK  [0m] Closed UUID daemon activation socket.
[[0;32m  OK  [0m] Closed LXD - unix socket.
[[0;32m  OK  [0m] Stopped target System Initialization.
         Stopping Load/Save Random Seed...
         Stopping Update UTMP about System Boot/Shutdown...
[[0;32m  OK  [0m] Stopped target Encrypted Volumes.
[[0;32m  OK  [0m] Stopped target Swap.
[[0;32m  OK  [0m] Stopped Load/Save Random Seed.
[[0;32m  OK  [0m] Stopped Update UTMP about System Boot/Shutdown.
[[0;32m  OK  [0m] Stopped Login to default iSCSI targets.
         Stopping iSCSI initiator daemon (iscsid)...
[[0;32m  OK  [0m] Stopped Create Volatile Files and Directories.
[[0;32m  OK  [0m] Stopped iSCSI initiator daemon (iscsid).
[[0;32m  OK  [0m] Stopped target Network is Online.
[[0;32m  OK  [0m] Stopped Initial cloud-init job (metadata service crawler).
[[0;32m  OK  [0m] Stopped target Network.
         Stopping Raise network interfaces...
[[0;32m  OK  [0m] Stopped Raise network interfaces.
[[0;32m  OK  [0m] Stopped target Network (Pre).
[[0;32m  OK  [0m] Stopped Initial cloud-init job (pre-networking).
[[0;32m  OK  [0m] Stopped target Local File Systems.
         Unmounting /vagrant...
         Unmounting /run/user/1000...
[[0;32m  OK  [0m] Stopped Apply Kernel Variables.
[[0;32m  OK  [0m] Stopped Load Kernel Modules.
[[0;32m  OK  [0m] Unmounted /vagrant.
[[0;32m  OK  [0m] Unmounted /run/user/1000.
[[0;32m  OK  [0m] Reached target Unmount All Filesystems.
[[0;32m  OK  [0m] Stopped target Local File Systems (Pre).
         Stopping Monitoring of LVM2 mirrors... dmeventd or progress polling...
[[0;32m  OK  [0m] Stopped Remount Root and Kernel File Systems.
[[0;32m  OK  [0m] Stopped Create Static Device Nodes in /dev.
[[0;32m  OK  [0m] Reached target Shutdown.
[ 92281]eboo: Poerow

